<?xml version="1.0" encoding="UTF-8"?>
<testng-results skipped="0" failed="0" ignored="0" total="0" passed="0">
  <reporter-output>
  </reporter-output>
  <suite name="django.django.AppTest" duration-ms="10" started-at="2020-11-26T18:42:46Z" finished-at="2020-11-26T18:42:46Z">
    <groups>
    </groups>
    <test name="Command line test" duration-ms="10" started-at="2020-11-26T18:42:46Z" finished-at="2020-11-26T18:42:46Z">
    </test> <!-- Command line test -->
  </suite> <!-- django.django.AppTest -->
</testng-results>
