<?xml version="1.0" encoding="UTF-8"?>
<testng-results skipped="0" failed="1" ignored="3" total="4" passed="0">
  <reporter-output>
  </reporter-output>
  <suite name="Default suite" duration-ms="14755" started-at="2020-12-01T20:20:56Z" finished-at="2020-12-01T20:21:11Z">
    <groups>
      <group name="UI">
        <method signature="RepositoryScreenTest.matchDetailsOfRepoName()[pri:0, instance:com.django.qa.test.RepositoryScreenTest@57855c9a]" name="matchDetailsOfRepoName" class="com.django.qa.test.RepositoryScreenTest"/>
      </group> <!-- UI -->
      <group name="API">
        <method signature="RepositoryScreenTest.matchDetailsOfRepoName()[pri:0, instance:com.django.qa.test.RepositoryScreenTest@57855c9a]" name="matchDetailsOfRepoName" class="com.django.qa.test.RepositoryScreenTest"/>
      </group> <!-- API -->
    </groups>
    <test name="Default test" duration-ms="14755" started-at="2020-12-01T20:20:56Z" finished-at="2020-12-01T20:21:11Z">
      <class name="com.django.qa.test.RepositoryScreenTest">
        <test-method status="PASS" signature="setup(java.lang.String, java.lang.reflect.Method)[pri:0, instance:com.django.qa.test.RepositoryScreenTest@57855c9a]" name="setup" is-config="true" duration-ms="9579" started-at="2020-12-01T20:20:56Z" finished-at="2020-12-01T20:21:06Z">
          <params>
            <param index="0">
              <value>
                <![CDATA[Chrome]]>
              </value>
            </param>
            <param index="1">
              <value>
                <![CDATA[public void com.django.qa.test.RepositoryScreenTest.matchDetailsOfRepoName() throws java.lang.Exception]]>
              </value>
            </param>
          </params>
          <reporter-output>
          </reporter-output>
        </test-method> <!-- setup -->
        <test-method status="FAIL" signature="matchDetailsOfRepoName()[pri:0, instance:com.django.qa.test.RepositoryScreenTest@57855c9a]" name="matchDetailsOfRepoName" duration-ms="2434" started-at="2020-12-01T20:21:06Z" finished-at="2020-12-01T20:21:08Z">
          <exception class="java.lang.NullPointerException">
            <full-stacktrace>
              <![CDATA[java.lang.NullPointerException
at com.django.qa.test.RepositoryScreenTest.matchDetailsOfRepoName(RepositoryScreenTest.java:70)
at sun.reflect.NativeMethodAccessorImpl.invoke0(Native Method)
at sun.reflect.NativeMethodAccessorImpl.invoke(NativeMethodAccessorImpl.java:62)
at sun.reflect.DelegatingMethodAccessorImpl.invoke(DelegatingMethodAccessorImpl.java:43)
at java.lang.reflect.Method.invoke(Method.java:498)
at org.testng.internal.MethodInvocationHelper.invokeMethod(MethodInvocationHelper.java:124)
at org.testng.internal.Invoker.invokeMethod(Invoker.java:583)
at org.testng.internal.Invoker.invokeTestMethod(Invoker.java:719)
at org.testng.internal.Invoker.invokeTestMethods(Invoker.java:989)
at org.testng.internal.TestMethodWorker.invokeTestMethods(TestMethodWorker.java:125)
at org.testng.internal.TestMethodWorker.run(TestMethodWorker.java:109)
at org.testng.TestRunner.privateRun(TestRunner.java:648)
at org.testng.TestRunner.run(TestRunner.java:505)
at org.testng.SuiteRunner.runTest(SuiteRunner.java:455)
at org.testng.SuiteRunner.runSequentially(SuiteRunner.java:450)
at org.testng.SuiteRunner.privateRun(SuiteRunner.java:415)
at org.testng.SuiteRunner.run(SuiteRunner.java:364)
at org.testng.SuiteRunnerWorker.runSuite(SuiteRunnerWorker.java:52)
at org.testng.SuiteRunnerWorker.run(SuiteRunnerWorker.java:84)
at org.testng.TestNG.runSuitesSequentially(TestNG.java:1208)
at org.testng.TestNG.runSuitesLocally(TestNG.java:1137)
at org.testng.TestNG.runSuites(TestNG.java:1049)
at org.testng.TestNG.run(TestNG.java:1017)
at org.testng.remote.AbstractRemoteTestNG.run(AbstractRemoteTestNG.java:115)
at org.testng.remote.RemoteTestNG.initAndRun(RemoteTestNG.java:251)
at org.testng.remote.RemoteTestNG.main(RemoteTestNG.java:77)
]]>
            </full-stacktrace>
          </exception> <!-- java.lang.NullPointerException -->
          <reporter-output>
          </reporter-output>
        </test-method> <!-- matchDetailsOfRepoName -->
        <test-method status="PASS" signature="endTest()[pri:0, instance:com.django.qa.test.RepositoryScreenTest@57855c9a]" name="endTest" is-config="true" duration-ms="1169" started-at="2020-12-01T20:21:09Z" finished-at="2020-12-01T20:21:10Z">
          <reporter-output>
          </reporter-output>
        </test-method> <!-- endTest -->
        <test-method status="PASS" signature="printReport()[pri:0, instance:com.django.qa.test.RepositoryScreenTest@57855c9a]" name="printReport" is-config="true" duration-ms="500" started-at="2020-12-01T20:21:10Z" finished-at="2020-12-01T20:21:11Z">
          <reporter-output>
          </reporter-output>
        </test-method> <!-- printReport -->
      </class> <!-- com.django.qa.test.RepositoryScreenTest -->
    </test> <!-- Default test -->
  </suite> <!-- Default suite -->
</testng-results>
